<?xml version="1.0" encoding="UTF-8"?>
<!-- Generated by org.testng.reporters.JUnitReportReporter -->
<testsuite hostname="DDCL-LANDRY" name="TestLogin" tests="3" failures="0" timestamp="2 Oct 2015 20:59:01 GMT" time="33.010" errors="0">
  <testcase name="testIncorrectLogin" time="9.136" classname="TestLogin"/>
  <testcase name="testEditAccountPage" time="13.462" classname="TestLogin"/>
  <testcase name="testCorrectLogin" time="10.412" classname="TestLogin"/>
</testsuite> <!-- TestLogin -->
