<?xml version="1.0" encoding="UTF-8"?>
<!-- Generated by org.testng.reporters.JUnitReportReporter -->
<testsuite hostname="DDCL-LANDRY" name="scripts.TestEditAccountPage" tests="1" failures="0" timestamp="8 Oct 2015 21:23:03 GMT" time="40.798" errors="0">
  <testcase name="testWorkAddressAccountPage" time="40.798" classname="scripts.TestEditAccountPage"/>
</testsuite> <!-- scripts.TestEditAccountPage -->
