<?xml version="1.0" encoding="UTF-8"?>
<!-- Generated by org.testng.reporters.JUnitReportReporter -->
<testsuite hostname="DDCL-LANDRY" name="scripts.TestPersonalInfoPage" tests="7" failures="0" timestamp="8 Oct 2015 21:23:03 GMT" time="76.822" errors="0">
  <testcase name="testManageAccountButton" time="11.071" classname="scripts.TestPersonalInfoPage"/>
  <testcase name="testPersonalInfoButton" time="10.239" classname="scripts.TestPersonalInfoPage"/>
  <testcase name="testRecentActivityButton" time="10.520" classname="scripts.TestPersonalInfoPage"/>
  <testcase name="testSubscriptionsButton" time="10.712" classname="scripts.TestPersonalInfoPage"/>
  <testcase name="testAccountSecurityButton" time="11.550" classname="scripts.TestPersonalInfoPage"/>
  <testcase name="testEditAccountButton" time="12.270" classname="scripts.TestPersonalInfoPage"/>
  <testcase name="testPreferencesButton" time="10.460" classname="scripts.TestPersonalInfoPage"/>
</testsuite> <!-- scripts.TestPersonalInfoPage -->
