<?xml version="1.0" encoding="UTF-8"?>
<!-- Generated by org.testng.reporters.JUnitReportReporter -->
<testsuite hostname="DDCL-LANDRY" name="TestPersonalInfoPage" tests="7" failures="0" timestamp="4 Oct 2015 18:48:02 GMT" time="89.870" errors="0">
  <testcase name="testPersonalInfoButton" time="11.233" classname="TestPersonalInfoPage"/>
  <testcase name="testAccountSecurityButton" time="13.944" classname="TestPersonalInfoPage"/>
  <testcase name="testPreferencesButton" time="12.236" classname="TestPersonalInfoPage"/>
  <testcase name="testManageAccountButton" time="13.812" classname="TestPersonalInfoPage"/>
  <testcase name="testSubscriptionsButton" time="11.820" classname="TestPersonalInfoPage"/>
  <testcase name="testRecentActivityButton" time="12.550" classname="TestPersonalInfoPage"/>
  <testcase name="testEditAccountButton" time="14.275" classname="TestPersonalInfoPage"/>
</testsuite> <!-- TestPersonalInfoPage -->
