<?xml version="1.0" encoding="UTF-8"?>
<!-- Generated by org.testng.reporters.JUnitReportReporter -->
<testsuite hostname="DDCL-LANDRY" name="scripts.TestLoginPage" tests="2" failures="0" timestamp="6 Oct 2015 22:17:29 GMT" time="20.834" errors="0">
  <testcase name="testIncorrectLogin" time="10.257" classname="scripts.TestLoginPage"/>
  <testcase name="testCorrectLogin" time="10.577" classname="scripts.TestLoginPage"/>
</testsuite> <!-- scripts.TestLoginPage -->
