<?xml version="1.0" encoding="UTF-8"?>
<!-- Generated by org.testng.reporters.JUnitReportReporter -->
<testsuite hostname="DDCL-LANDRY" name="scripts.TestLoginPage" tests="2" failures="0" timestamp="8 Oct 2015 21:23:03 GMT" time="21.997" errors="0">
  <testcase name="testIncorrectLogin" time="10.749" classname="scripts.TestLoginPage"/>
  <testcase name="testCorrectLogin" time="11.248" classname="scripts.TestLoginPage"/>
</testsuite> <!-- scripts.TestLoginPage -->
