<?xml version="1.0" encoding="UTF-8"?>
<!-- Generated by org.testng.reporters.JUnitReportReporter -->
<testsuite hostname="DDCL-LANDRY" name="TestLoginPage" tests="2" failures="0" timestamp="4 Oct 2015 18:39:54 GMT" time="22.638" errors="0">
  <testcase name="testIncorrectLogin" time="10.735" classname="TestLoginPage"/>
  <testcase name="testCorrectLogin" time="11.903" classname="TestLoginPage"/>
</testsuite> <!-- TestLoginPage -->
