<?xml version="1.0" encoding="UTF-8"?>
<!-- Generated by org.testng.reporters.JUnitReportReporter -->
<testsuite hostname="DDCL-LANDRY" name="TestEditAccountPage" tests="1" failures="0" timestamp="4 Oct 2015 18:39:54 GMT" time="17.852" errors="0">
  <testcase name="testSuccessAccountPage" time="17.852" classname="TestEditAccountPage"/>
</testsuite> <!-- TestEditAccountPage -->
